[debug] [2020-05-30T14:12:30.764Z] ----------------------------------------------------------------------
[debug] [2020-05-30T14:12:30.766Z] Command:       /usr/local/bin/node /usr/local/bin/firebase deploy
[debug] [2020-05-30T14:12:30.767Z] CLI Version:   8.0.3
[debug] [2020-05-30T14:12:30.767Z] Platform:      darwin
[debug] [2020-05-30T14:12:30.767Z] Node Version:  v10.15.3
[debug] [2020-05-30T14:12:30.768Z] Time:          Sat May 30 2020 19:42:30 GMT+0530 (India Standard Time)
[debug] [2020-05-30T14:12:30.768Z] ----------------------------------------------------------------------
[debug] [2020-05-30T14:12:30.769Z] 
[debug] [2020-05-30T14:12:30.789Z] > command requires scopes: ["email","openid","https://www.googleapis.com/auth/cloudplatformprojects.readonly","https://www.googleapis.com/auth/firebase","https://www.googleapis.com/auth/cloud-platform"]
[debug] [2020-05-30T14:12:30.790Z] > authorizing via signed-in user
[debug] [2020-05-30T14:12:30.790Z] [iam] checking project gatsby-live for permissions ["firebase.projects.get","firebasehosting.sites.update"]
[debug] [2020-05-30T14:12:30.796Z] >>> HTTP REQUEST POST https://cloudresourcemanager.googleapis.com/v1/projects/gatsby-live:testIamPermissions  
 {"permissions":["firebase.projects.get","firebasehosting.sites.update"]}
[debug] [2020-05-30T14:12:32.468Z] <<< HTTP RESPONSE 200 {"content-type":"application/json; charset=UTF-8","vary":"X-Origin, Referer, Origin,Accept-Encoding","date":"Sat, 30 May 2020 14:12:32 GMT","server":"ESF","cache-control":"private","x-xss-protection":"0","x-frame-options":"SAMEORIGIN","x-content-type-options":"nosniff","server-timing":"gfet4t7; dur=1411","alt-svc":"h3-27=\":443\"; ma=2592000,h3-25=\":443\"; ma=2592000,h3-T050=\":443\"; ma=2592000,h3-Q050=\":443\"; ma=2592000,h3-Q049=\":443\"; ma=2592000,h3-Q048=\":443\"; ma=2592000,h3-Q046=\":443\"; ma=2592000,h3-Q043=\":443\"; ma=2592000,quic=\":443\"; ma=2592000; v=\"46,43\"","accept-ranges":"none","transfer-encoding":"chunked"}
[debug] [2020-05-30T14:12:32.472Z] >>> HTTP REQUEST GET https://firebase.googleapis.com/v1beta1/projects/gatsby-live  
 
[debug] [2020-05-30T14:12:33.090Z] <<< HTTP RESPONSE 200 {"content-type":"application/json; charset=UTF-8","vary":"X-Origin, Referer, Origin,Accept-Encoding","date":"Sat, 30 May 2020 14:12:33 GMT","server":"ESF","cache-control":"private","x-xss-protection":"0","x-frame-options":"SAMEORIGIN","x-content-type-options":"nosniff","alt-svc":"h3-27=\":443\"; ma=2592000,h3-25=\":443\"; ma=2592000,h3-T050=\":443\"; ma=2592000,h3-Q050=\":443\"; ma=2592000,h3-Q049=\":443\"; ma=2592000,h3-Q048=\":443\"; ma=2592000,h3-Q046=\":443\"; ma=2592000,h3-Q043=\":443\"; ma=2592000,quic=\":443\"; ma=2592000; v=\"46,43\"","accept-ranges":"none","transfer-encoding":"chunked"}
[info] 
[info] === Deploying to 'gatsby-live'...
[info] 
[info] i  deploying hosting
[debug] [2020-05-30T14:12:33.097Z] >>> HTTP REQUEST POST https://firebasehosting.googleapis.com/v1beta1/sites/gatsby-live/versions  
 {"config":{},"labels":{"deployment-tool":"cli-firebase"}}
[debug] [2020-05-30T14:12:35.412Z] <<< HTTP RESPONSE 200 {"content-type":"application/json; charset=UTF-8","vary":"X-Origin, Referer, Origin,Accept-Encoding","date":"Sat, 30 May 2020 14:12:35 GMT","server":"ESF","cache-control":"private","x-xss-protection":"0","x-frame-options":"SAMEORIGIN","x-content-type-options":"nosniff","alt-svc":"h3-27=\":443\"; ma=2592000,h3-25=\":443\"; ma=2592000,h3-T050=\":443\"; ma=2592000,h3-Q050=\":443\"; ma=2592000,h3-Q049=\":443\"; ma=2592000,h3-Q048=\":443\"; ma=2592000,h3-Q046=\":443\"; ma=2592000,h3-Q043=\":443\"; ma=2592000,quic=\":443\"; ma=2592000; v=\"46,43\"","accept-ranges":"none","transfer-encoding":"chunked"}
[info] i  hosting[gatsby-live]: beginning deploy...
[info] i  hosting[gatsby-live]: found 16976 files in public
[debug] [2020-05-30T14:12:42.307Z] >>> HTTP REQUEST POST https://firebasehosting.googleapis.com/v1beta1/projects/116315084249/sites/gatsby-live/versions/2882a100aebd141d:populateFiles  
 <request body omitted>
[debug] [2020-05-30T14:12:42.411Z] >>> HTTP REQUEST POST https://firebasehosting.googleapis.com/v1beta1/projects/116315084249/sites/gatsby-live/versions/2882a100aebd141d:populateFiles  
 <request body omitted>
[debug] [2020-05-30T14:12:42.508Z] >>> HTTP REQUEST POST https://firebasehosting.googleapis.com/v1beta1/projects/116315084249/sites/gatsby-live/versions/2882a100aebd141d:populateFiles  
 <request body omitted>
[debug] [2020-05-30T14:12:42.743Z] >>> HTTP REQUEST POST https://firebasehosting.googleapis.com/v1beta1/projects/116315084249/sites/gatsby-live/versions/2882a100aebd141d:populateFiles  
 <request body omitted>
[debug] [2020-05-30T14:12:43.646Z] >>> HTTP REQUEST POST https://firebasehosting.googleapis.com/v1beta1/projects/116315084249/sites/gatsby-live/versions/2882a100aebd141d:populateFiles  
 <request body omitted>
[debug] [2020-05-30T14:12:44.795Z] >>> HTTP REQUEST POST https://firebasehosting.googleapis.com/v1beta1/projects/116315084249/sites/gatsby-live/versions/2882a100aebd141d:populateFiles  
 <request body omitted>
[debug] [2020-05-30T14:12:45.896Z] >>> HTTP REQUEST POST https://firebasehosting.googleapis.com/v1beta1/projects/116315084249/sites/gatsby-live/versions/2882a100aebd141d:populateFiles  
 <request body omitted>
[debug] [2020-05-30T14:12:46.219Z] <<< HTTP RESPONSE 200 {"content-type":"application/json; charset=UTF-8","vary":"X-Origin, Referer, Origin,Accept-Encoding","date":"Sat, 30 May 2020 14:12:45 GMT","server":"ESF","cache-control":"private","x-xss-protection":"0","x-frame-options":"SAMEORIGIN","x-content-type-options":"nosniff","alt-svc":"h3-27=\":443\"; ma=2592000,h3-25=\":443\"; ma=2592000,h3-T050=\":443\"; ma=2592000,h3-Q050=\":443\"; ma=2592000,h3-Q049=\":443\"; ma=2592000,h3-Q048=\":443\"; ma=2592000,h3-Q046=\":443\"; ma=2592000,h3-Q043=\":443\"; ma=2592000,quic=\":443\"; ma=2592000; v=\"46,43\"","accept-ranges":"none","transfer-encoding":"chunked"}
[debug] [2020-05-30T14:12:46.442Z] <<< HTTP RESPONSE 200 {"content-type":"application/json; charset=UTF-8","vary":"X-Origin, Referer, Origin,Accept-Encoding","date":"Sat, 30 May 2020 14:12:45 GMT","server":"ESF","cache-control":"private","x-xss-protection":"0","x-frame-options":"SAMEORIGIN","x-content-type-options":"nosniff","alt-svc":"h3-27=\":443\"; ma=2592000,h3-25=\":443\"; ma=2592000,h3-T050=\":443\"; ma=2592000,h3-Q050=\":443\"; ma=2592000,h3-Q049=\":443\"; ma=2592000,h3-Q048=\":443\"; ma=2592000,h3-Q046=\":443\"; ma=2592000,h3-Q043=\":443\"; ma=2592000,quic=\":443\"; ma=2592000; v=\"46,43\"","accept-ranges":"none","transfer-encoding":"chunked"}
[debug] [2020-05-30T14:12:46.796Z] <<< HTTP RESPONSE 200 {"content-type":"application/json; charset=UTF-8","vary":"X-Origin, Referer, Origin,Accept-Encoding","date":"Sat, 30 May 2020 14:12:46 GMT","server":"ESF","cache-control":"private","x-xss-protection":"0","x-frame-options":"SAMEORIGIN","x-content-type-options":"nosniff","alt-svc":"h3-27=\":443\"; ma=2592000,h3-25=\":443\"; ma=2592000,h3-T050=\":443\"; ma=2592000,h3-Q050=\":443\"; ma=2592000,h3-Q049=\":443\"; ma=2592000,h3-Q048=\":443\"; ma=2592000,h3-Q046=\":443\"; ma=2592000,h3-Q043=\":443\"; ma=2592000,quic=\":443\"; ma=2592000; v=\"46,43\"","accept-ranges":"none","transfer-encoding":"chunked"}
[debug] [2020-05-30T14:12:46.939Z] <<< HTTP RESPONSE 200 {"content-type":"application/json; charset=UTF-8","vary":"X-Origin, Referer, Origin,Accept-Encoding","date":"Sat, 30 May 2020 14:12:46 GMT","server":"ESF","cache-control":"private","x-xss-protection":"0","x-frame-options":"SAMEORIGIN","x-content-type-options":"nosniff","alt-svc":"h3-27=\":443\"; ma=2592000,h3-25=\":443\"; ma=2592000,h3-T050=\":443\"; ma=2592000,h3-Q050=\":443\"; ma=2592000,h3-Q049=\":443\"; ma=2592000,h3-Q048=\":443\"; ma=2592000,h3-Q046=\":443\"; ma=2592000,h3-Q043=\":443\"; ma=2592000,quic=\":443\"; ma=2592000; v=\"46,43\"","accept-ranges":"none","transfer-encoding":"chunked"}
[debug] [2020-05-30T14:12:47.179Z] <<< HTTP RESPONSE 200 {"content-type":"application/json; charset=UTF-8","vary":"X-Origin, Referer, Origin,Accept-Encoding","date":"Sat, 30 May 2020 14:12:46 GMT","server":"ESF","cache-control":"private","x-xss-protection":"0","x-frame-options":"SAMEORIGIN","x-content-type-options":"nosniff","alt-svc":"h3-27=\":443\"; ma=2592000,h3-25=\":443\"; ma=2592000,h3-T050=\":443\"; ma=2592000,h3-Q050=\":443\"; ma=2592000,h3-Q049=\":443\"; ma=2592000,h3-Q048=\":443\"; ma=2592000,h3-Q046=\":443\"; ma=2592000,h3-Q043=\":443\"; ma=2592000,quic=\":443\"; ma=2592000; v=\"46,43\"","accept-ranges":"none","transfer-encoding":"chunked"}
[debug] [2020-05-30T14:12:48.530Z] >>> HTTP REQUEST POST https://firebasehosting.googleapis.com/v1beta1/projects/116315084249/sites/gatsby-live/versions/2882a100aebd141d:populateFiles  
 <request body omitted>
[debug] [2020-05-30T14:12:49.495Z] <<< HTTP RESPONSE 200 {"content-type":"application/json; charset=UTF-8","vary":"X-Origin, Referer, Origin,Accept-Encoding","date":"Sat, 30 May 2020 14:12:49 GMT","server":"ESF","cache-control":"private","x-xss-protection":"0","x-frame-options":"SAMEORIGIN","x-content-type-options":"nosniff","alt-svc":"h3-27=\":443\"; ma=2592000,h3-25=\":443\"; ma=2592000,h3-T050=\":443\"; ma=2592000,h3-Q050=\":443\"; ma=2592000,h3-Q049=\":443\"; ma=2592000,h3-Q048=\":443\"; ma=2592000,h3-Q046=\":443\"; ma=2592000,h3-Q043=\":443\"; ma=2592000,quic=\":443\"; ma=2592000; v=\"46,43\"","accept-ranges":"none","transfer-encoding":"chunked"}
[debug] [2020-05-30T14:12:49.599Z] >>> HTTP REQUEST POST https://firebasehosting.googleapis.com/v1beta1/projects/116315084249/sites/gatsby-live/versions/2882a100aebd141d:populateFiles  
 <request body omitted>
[debug] [2020-05-30T14:12:49.959Z] [hosting][upload] {"max":0,"min":9999999999,"avg":0,"active":200,"complete":0,"success":0,"errored":0,"retried":0,"total":5446,"elapsed":3738}
[debug] [2020-05-30T14:12:50.074Z] <<< HTTP RESPONSE 200 {"content-type":"application/json; charset=UTF-8","vary":"X-Origin, Referer, Origin,Accept-Encoding","date":"Sat, 30 May 2020 14:12:48 GMT","server":"ESF","cache-control":"private","x-xss-protection":"0","x-frame-options":"SAMEORIGIN","x-content-type-options":"nosniff","alt-svc":"h3-27=\":443\"; ma=2592000,h3-25=\":443\"; ma=2592000,h3-T050=\":443\"; ma=2592000,h3-Q050=\":443\"; ma=2592000,h3-Q049=\":443\"; ma=2592000,h3-Q048=\":443\"; ma=2592000,h3-Q046=\":443\"; ma=2592000,h3-Q043=\":443\"; ma=2592000,quic=\":443\"; ma=2592000; v=\"46,43\"","accept-ranges":"none","transfer-encoding":"chunked"}
[debug] [2020-05-30T14:12:50.709Z] >>> HTTP REQUEST POST https://firebasehosting.googleapis.com/v1beta1/projects/116315084249/sites/gatsby-live/versions/2882a100aebd141d:populateFiles  
 <request body omitted>
[debug] [2020-05-30T14:12:51.628Z] >>> HTTP REQUEST POST https://firebasehosting.googleapis.com/v1beta1/projects/116315084249/sites/gatsby-live/versions/2882a100aebd141d:populateFiles  
 <request body omitted>
[debug] [2020-05-30T14:12:52.750Z] >>> HTTP REQUEST POST https://firebasehosting.googleapis.com/v1beta1/projects/116315084249/sites/gatsby-live/versions/2882a100aebd141d:populateFiles  
 <request body omitted>
[debug] [2020-05-30T14:12:53.808Z] >>> HTTP REQUEST POST https://firebasehosting.googleapis.com/v1beta1/projects/116315084249/sites/gatsby-live/versions/2882a100aebd141d:populateFiles  
 <request body omitted>
[debug] [2020-05-30T14:12:55.119Z] >>> HTTP REQUEST POST https://firebasehosting.googleapis.com/v1beta1/projects/116315084249/sites/gatsby-live/versions/2882a100aebd141d:populateFiles  
 <request body omitted>
[debug] [2020-05-30T14:12:56.106Z] >>> HTTP REQUEST POST https://firebasehosting.googleapis.com/v1beta1/projects/116315084249/sites/gatsby-live/versions/2882a100aebd141d:populateFiles  
 <request body omitted>
[debug] [2020-05-30T14:12:56.414Z] >>> HTTP REQUEST POST https://firebasehosting.googleapis.com/v1beta1/projects/116315084249/sites/gatsby-live/versions/2882a100aebd141d:populateFiles  
 <request body omitted>
[debug] [2020-05-30T14:12:56.688Z] [hosting] hash cache [cHVibGlj] stored for 16976 files
[debug] [2020-05-30T14:12:56.688Z] [hosting][hash queue][FINAL] {"max":6707,"min":0,"avg":41.88719075094934,"active":0,"complete":16976,"success":16976,"errored":0,"retried":0,"total":16976,"elapsed":14514}
[debug] [2020-05-30T14:12:56.689Z] >>> HTTP REQUEST POST https://firebasehosting.googleapis.com/v1beta1/projects/116315084249/sites/gatsby-live/versions/2882a100aebd141d:populateFiles  
 <request body omitted>
[debug] [2020-05-30T14:12:58.323Z] [uploadQueue] Retrying task 60a9c51195bd617a5fe8e6068e2dbbc1f0c58d46a74ea43f11ab6db4d48ace00
[debug] [2020-05-30T14:13:02.931Z] [hosting][upload] {"max":16675,"min":3739,"avg":12605.160000000002,"active":200,"complete":100,"success":100,"errored":0,"retried":1,"total":6325,"elapsed":16710}
[debug] [2020-05-30T14:13:11.330Z] [hosting][upload] {"max":25074,"min":1933,"avg":14155.330000000002,"active":200,"complete":200,"success":200,"errored":0,"retried":1,"total":6325,"elapsed":25109}
[debug] [2020-05-30T14:13:17.558Z] [uploadQueue] Retrying task 936c118d78733a12506d64913f8f670c8d3cf1c33581093dfa257d26f2129ecb
[debug] [2020-05-30T14:13:18.291Z] [uploadQueue] Retrying task ebc2cce2aaa961652c21a1657a64d3ac241d2db2a901ca391c3cc119258617b0
[debug] [2020-05-30T14:13:18.326Z] [uploadQueue] Retrying task ed9a4f2cf4c9830c81f993bf195ce5fbd3150da3e3d3b8a83fe0c62ad2393aa2
[debug] [2020-05-30T14:13:18.326Z] [uploadQueue] Retrying task 643901e0a398f2e892973f5e4eeb8d9951087a08d69f1bc04fe096b20f057501
[debug] [2020-05-30T14:13:18.401Z] [uploadQueue] Retrying task 273d36c73ce972918a01efa1640bd51efb762540c59c8eeadd9a7612d21ec743
[debug] [2020-05-30T14:13:18.647Z] [uploadQueue] Retrying task ca5bf97c34e15b304d4b384713077c8c771d1bde352267fbb9f6a4b94697c809
[debug] [2020-05-30T14:13:18.648Z] [uploadQueue] Retrying task aedb8d4fe08522bfb97ce2079adbbf0e10b77add26b839801089a68d80825850
[debug] [2020-05-30T14:13:18.648Z] [uploadQueue] Retrying task 48a9ed36d06dc5ee3aca8dc2eb2f8ede7906d2abe1b95d69d661147e6cc6ef77
[debug] [2020-05-30T14:13:18.648Z] [uploadQueue] Retrying task 65d19afc9f99c8e2213951d1e2e8dc562740cb23a7fe9d2843de0a2852a91232
[debug] [2020-05-30T14:13:18.708Z] [uploadQueue] Retrying task 3955a1a4b2cb8efc7ef4b5a6b14dcc46de5696b75f03193d52ed74cc989745cd
[debug] [2020-05-30T14:13:18.708Z] [uploadQueue] Retrying task bf9d4c806db9cc4349e009cfb4881bc0e9cc55fdbf533d632b656709db076dd8
[debug] [2020-05-30T14:13:18.710Z] [uploadQueue] Retrying task 9a10f2ea13824ebd01c49f55be1ccd006309b6da81816d5015a088d4cca81cd5
[debug] [2020-05-30T14:13:18.710Z] [uploadQueue] Retrying task f86fd487312a0410f46b61325305b3996d31b2706a565ad5212265b7434779b4
[debug] [2020-05-30T14:13:18.711Z] [uploadQueue] Retrying task 6269cec3ba761d149e31f8d0d004771c74513d630223a7fc90ef1f40600b0012
[debug] [2020-05-30T14:13:18.712Z] [uploadQueue] Retrying task ab292680921ee9f9afb240cb49adc9eb0577be58a4343d7981c8f8cb476b12ba
[debug] [2020-05-30T14:13:18.726Z] [uploadQueue] Retrying task 2ce90bb3cd8cf8699eef0d2aa68b6f1bb44f1f46fcae7051139338fa819f8763
[debug] [2020-05-30T14:13:18.727Z] [uploadQueue] Retrying task 4bc1c2883439fda02cde43e77424aed72d54bdbe9589216d6887fb4e1e7ca96f
[debug] [2020-05-30T14:13:18.727Z] [uploadQueue] Retrying task 8d249ef2da03231e90ab2ad91929f20fab68eae751b6367ff065b436c005c189
[debug] [2020-05-30T14:13:18.727Z] [uploadQueue] Retrying task 72d3634734c7303e19721356db3f5365fa429d4ae1b71cbb2d291948e129a8bb
[debug] [2020-05-30T14:13:19.112Z] [hosting][upload] {"max":30923,"min":1933,"avg":14377.956666666663,"active":200,"complete":300,"success":300,"errored":0,"retried":20,"total":6325,"elapsed":32891}
[debug] [2020-05-30T14:13:19.197Z] [uploadQueue] Retrying task 832ed31a9d92ccd4ab1e1e89c8caf76b1df412dd5c38899a7e8adcca02055d51
[debug] [2020-05-30T14:13:19.208Z] [uploadQueue] Retrying task f6720eba6c4e720577c021c27a33e9fa6ec99755467be6ecf52069907f7c94e7
[debug] [2020-05-30T14:13:19.298Z] [uploadQueue] Retrying task cc22ec27d71600666acb3369bd61c312716879a84e168be3ca1302896e1d8a99
[debug] [2020-05-30T14:13:19.406Z] [uploadQueue] Retrying task 8b9ef0a018eceff8e86847d1e01d3e3f2ab546f759915c488085352cdea512bc
[debug] [2020-05-30T14:13:19.965Z] [uploadQueue] Retrying task c57e8c3303734f9b330bd49703439e56dc74ae62b328f06420202d85f67727f1
[debug] [2020-05-30T14:13:20.160Z] [uploadQueue] Retrying task d2211fd4a9ac20a27d2f832158a9968dda0f7d96888d1046e6e1e6eb321a2653
[debug] [2020-05-30T14:13:21.102Z] [uploadQueue] Retrying task f1b0cfd3e3df8e4edb25ee5f983bcd6649e3eee3aede764a82f3f06cbd39e67d
[debug] [2020-05-30T14:13:23.094Z] [uploadQueue] Retrying task 716e1a5f4ddb9abe3f69344b4ae35840acd7dc7b3e87425b953f1fc9df678190
[debug] [2020-05-30T14:13:23.249Z] [uploadQueue] Retrying task 12c962236ef03ff08455b58a174475fa78ecbd716648d27f29a261548d982f05
[debug] [2020-05-30T14:13:23.924Z] <<< HTTP RESPONSE 200 {"content-type":"application/json; charset=UTF-8","vary":"X-Origin, Referer, Origin,Accept-Encoding","date":"Sat, 30 May 2020 14:13:23 GMT","server":"ESF","cache-control":"private","x-xss-protection":"0","x-frame-options":"SAMEORIGIN","x-content-type-options":"nosniff","alt-svc":"h3-27=\":443\"; ma=2592000,h3-25=\":443\"; ma=2592000,h3-T050=\":443\"; ma=2592000,h3-Q050=\":443\"; ma=2592000,h3-Q049=\":443\"; ma=2592000,h3-Q048=\":443\"; ma=2592000,h3-Q046=\":443\"; ma=2592000,h3-Q043=\":443\"; ma=2592000,quic=\":443\"; ma=2592000; v=\"46,43\"","accept-ranges":"none","transfer-encoding":"chunked"}
[debug] [2020-05-30T14:13:24.556Z] <<< HTTP RESPONSE 200 {"content-type":"application/json; charset=UTF-8","vary":"X-Origin, Referer, Origin,Accept-Encoding","date":"Sat, 30 May 2020 14:13:24 GMT","server":"ESF","cache-control":"private","x-xss-protection":"0","x-frame-options":"SAMEORIGIN","x-content-type-options":"nosniff","alt-svc":"h3-27=\":443\"; ma=2592000,h3-25=\":443\"; ma=2592000,h3-T050=\":443\"; ma=2592000,h3-Q050=\":443\"; ma=2592000,h3-Q049=\":443\"; ma=2592000,h3-Q048=\":443\"; ma=2592000,h3-Q046=\":443\"; ma=2592000,h3-Q043=\":443\"; ma=2592000,quic=\":443\"; ma=2592000; v=\"46,43\"","accept-ranges":"none","transfer-encoding":"chunked"}
[debug] [2020-05-30T14:13:25.484Z] <<< HTTP RESPONSE 200 {"content-type":"application/json; charset=UTF-8","vary":"X-Origin, Referer, Origin,Accept-Encoding","date":"Sat, 30 May 2020 14:13:19 GMT","server":"ESF","cache-control":"private","x-xss-protection":"0","x-frame-options":"SAMEORIGIN","x-content-type-options":"nosniff","alt-svc":"h3-27=\":443\"; ma=2592000,h3-25=\":443\"; ma=2592000,h3-T050=\":443\"; ma=2592000,h3-Q050=\":443\"; ma=2592000,h3-Q049=\":443\"; ma=2592000,h3-Q048=\":443\"; ma=2592000,h3-Q046=\":443\"; ma=2592000,h3-Q043=\":443\"; ma=2592000,quic=\":443\"; ma=2592000; v=\"46,43\"","accept-ranges":"none","transfer-encoding":"chunked"}
[debug] [2020-05-30T14:13:27.449Z] [hosting][upload] {"max":33353,"min":1933,"avg":13871.329999999998,"active":200,"complete":400,"success":400,"errored":0,"retried":29,"total":8985,"elapsed":41228}
[debug] [2020-05-30T14:13:27.593Z] [uploadQueue] Retrying task b1ead899335aa94d9f73012362699e3b567ef92072ad30dcc6a5403489485699
[debug] [2020-05-30T14:13:28.464Z] [uploadQueue] Retrying task 3158bb1f5a30bf4aefa68c0a9c500db8e583d4c813d54a5df0a81004ae5f8ac2
[debug] [2020-05-30T14:13:29.175Z] [uploadQueue] Retrying task 492d5e5405193fae968d5d5d15c3c73a955cba2c65a8f84aa3c393433f2cde03
[debug] [2020-05-30T14:13:29.175Z] [uploadQueue] Retrying task 6a882a7130350db31bc451e74c1074a2845357eebe281808b170d17d1e6b3175
[debug] [2020-05-30T14:13:30.706Z] [uploadQueue] Retrying task 3d1b81bf278edd5c14336403534a62c27ec60fd1c72c8dd6ee45bf79d858aff6
[debug] [2020-05-30T14:13:31.370Z] [uploadQueue] Retrying task 67e9689aed1f3b33f05ce127b3748742ebbf5e0d1f57e81a1d303e30f767413a
[debug] [2020-05-30T14:13:31.676Z] [uploadQueue] Retrying task 171580669a70d1f142d9ffe11ef2c8b140e30bb3bf1ebe96a8111eefe6f5e3d8
[debug] [2020-05-30T14:13:31.944Z] <<< HTTP RESPONSE 200 {"content-type":"application/json; charset=UTF-8","vary":"X-Origin, Referer, Origin,Accept-Encoding","date":"Sat, 30 May 2020 14:13:31 GMT","server":"ESF","cache-control":"private","x-xss-protection":"0","x-frame-options":"SAMEORIGIN","x-content-type-options":"nosniff","alt-svc":"h3-27=\":443\"; ma=2592000,h3-25=\":443\"; ma=2592000,h3-T050=\":443\"; ma=2592000,h3-Q050=\":443\"; ma=2592000,h3-Q049=\":443\"; ma=2592000,h3-Q048=\":443\"; ma=2592000,h3-Q046=\":443\"; ma=2592000,h3-Q043=\":443\"; ma=2592000,quic=\":443\"; ma=2592000; v=\"46,43\"","accept-ranges":"none","transfer-encoding":"chunked"}
[debug] [2020-05-30T14:13:33.516Z] [uploadQueue] Retrying task ab89d2290d7ebf27f3ffdcce0b39bd6da73cec74f094ad8590f3e866b0b08342
[debug] [2020-05-30T14:13:33.603Z] <<< HTTP RESPONSE 200 {"content-type":"application/json; charset=UTF-8","vary":"X-Origin, Referer, Origin,Accept-Encoding","date":"Sat, 30 May 2020 14:13:33 GMT","server":"ESF","cache-control":"private","x-xss-protection":"0","x-frame-options":"SAMEORIGIN","x-content-type-options":"nosniff","alt-svc":"h3-27=\":443\"; ma=2592000,h3-25=\":443\"; ma=2592000,h3-T050=\":443\"; ma=2592000,h3-Q050=\":443\"; ma=2592000,h3-Q049=\":443\"; ma=2592000,h3-Q048=\":443\"; ma=2592000,h3-Q046=\":443\"; ma=2592000,h3-Q043=\":443\"; ma=2592000,quic=\":443\"; ma=2592000; v=\"46,43\"","accept-ranges":"none","transfer-encoding":"chunked"}
[debug] [2020-05-30T14:13:34.606Z] [uploadQueue] Retrying task 977bac66b052074ccd56fd030d0502a48d1581f56f5460b97b24fa6883b69f92
[debug] [2020-05-30T14:13:35.312Z] [uploadQueue] Retrying task 83886576ffb1e26378cf82dcb921516f460002e00ae422db6169a0ba47544924
[debug] [2020-05-30T14:13:35.427Z] [hosting][upload] {"max":33353,"min":1933,"avg":13692.055999999999,"active":200,"complete":500,"success":500,"errored":0,"retried":39,"total":10858,"elapsed":49206}
[debug] [2020-05-30T14:13:35.484Z] [uploadQueue] Retrying task 0221f899f91ece7755f46024134c89428455b7b91883f243aa6e1e463992a228
[debug] [2020-05-30T14:13:38.140Z] [uploadQueue] Retrying task e365a56eb45cefed0c4165ccb486ee040f9eb11d9e8e5657ac599e8777a17d16
[debug] [2020-05-30T14:13:38.511Z] [uploadQueue] Retrying task cbb4d6afef53a23f151d2797471f4fee119a296b281628f2555825affdbb6415
[debug] [2020-05-30T14:13:41.281Z] [uploadQueue] Retrying task cdfb096511ee337a81c4b213bbe0f39e37e5ead60b8e996159bf9ac37093cf3c
[debug] [2020-05-30T14:13:41.626Z] [uploadQueue] Retrying task 70092bf6c10f9c8bf12a198ef404b867d048f4d5899afc7f6b761c56b5afe55e
[debug] [2020-05-30T14:13:41.780Z] [uploadQueue] Retrying task 82cdadfa7b81c79dddd53445e34d0bf41053c6c89e83ea8efe653817d446dab2
[debug] [2020-05-30T14:13:43.019Z] [uploadQueue] Retrying task 1ab9b5ec90d97ce657457e45ef779279519920d96a2aa82c3f9c622ef360eb3c
[debug] [2020-05-30T14:13:43.225Z] [hosting][upload] {"max":33353,"min":1933,"avg":13438.46333333333,"active":200,"complete":600,"success":600,"errored":0,"retried":46,"total":10858,"elapsed":57004}
[debug] [2020-05-30T14:13:44.903Z] [uploadQueue] Retrying task 7b6f620df2ab2f1506137b470965e3169572cdb69d21b17d53e31a6680a1a9ad
[debug] [2020-05-30T14:13:45.024Z] [uploadQueue] Retrying task 92b52a461222e5d3ae2fe3d75c3ddeee41af3397118f68618d09eaf5777b3d60
[debug] [2020-05-30T14:13:46.324Z] [uploadQueue] Retrying task 02e000a916381a7d290ff2e0dde5a023d989ad3e162441c225cc842109a68da2
[debug] [2020-05-30T14:13:46.400Z] <<< HTTP RESPONSE 200 {"content-type":"application/json; charset=UTF-8","vary":"X-Origin, Referer, Origin,Accept-Encoding","date":"Sat, 30 May 2020 14:13:40 GMT","server":"ESF","cache-control":"private","x-xss-protection":"0","x-frame-options":"SAMEORIGIN","x-content-type-options":"nosniff","alt-svc":"h3-27=\":443\"; ma=2592000,h3-25=\":443\"; ma=2592000,h3-T050=\":443\"; ma=2592000,h3-Q050=\":443\"; ma=2592000,h3-Q049=\":443\"; ma=2592000,h3-Q048=\":443\"; ma=2592000,h3-Q046=\":443\"; ma=2592000,h3-Q043=\":443\"; ma=2592000,quic=\":443\"; ma=2592000; v=\"46,43\"","accept-ranges":"none","transfer-encoding":"chunked"}
[debug] [2020-05-30T14:13:47.463Z] [uploadQueue] Retrying task 1dcbd1ca8e56aeb6bfa3fe75c02e90abb3ebc71672f131a4ebac6a161df3dce8
[debug] [2020-05-30T14:13:49.726Z] [populateQueue] Retrying task index 7
[debug] [2020-05-30T14:13:49.727Z] >>> HTTP REQUEST POST https://firebasehosting.googleapis.com/v1beta1/projects/116315084249/sites/gatsby-live/versions/2882a100aebd141d:populateFiles  
 <request body omitted>
[debug] [2020-05-30T14:13:49.991Z] [uploadQueue] Retrying task 367f1b9a72a60c2de02d106b677caa817dae5113083850432c75fb0fc094e2b8
[debug] [2020-05-30T14:13:50.147Z] [uploadQueue] Retrying task 72d3634734c7303e19721356db3f5365fa429d4ae1b71cbb2d291948e129a8bb
[debug] [2020-05-30T14:13:50.448Z] [uploadQueue] Retrying task c26b1669a8d813b58fc86faa25c8f424080ea800d94057f154c3bd3077af4774
[debug] [2020-05-30T14:13:50.505Z] [uploadQueue] Retrying task 832ed31a9d92ccd4ab1e1e89c8caf76b1df412dd5c38899a7e8adcca02055d51
[debug] [2020-05-30T14:13:50.673Z] [uploadQueue] Retrying task e592fe13d817b5dddc81e085485ab6586c5d67b9bbf4aa4d494c5fa348708e52
[debug] [2020-05-30T14:13:50.812Z] [uploadQueue] Retrying task 9de3ca97e056caa3079efca0549303f9f01a4d688df67b96767fa7901c72a033
[debug] [2020-05-30T14:13:51.352Z] [uploadQueue] Retrying task 063e19d5e1286b3f7cda3cde575ab874fbefff26792c39f74ac446212461aac5
[debug] [2020-05-30T14:13:51.693Z] [hosting][upload] {"max":33353,"min":1933,"avg":13413.877142857145,"active":200,"complete":700,"success":700,"errored":0,"retried":57,"total":11775,"elapsed":65472}
[debug] [2020-05-30T14:13:51.914Z] [uploadQueue] Retrying task ab292680921ee9f9afb240cb49adc9eb0577be58a4343d7981c8f8cb476b12ba
[debug] [2020-05-30T14:13:53.214Z] [uploadQueue] Retrying task 73a45a157142120908a36a20f30617203cc9f07846b16c0ed135152b52c471f5
[debug] [2020-05-30T14:13:54.363Z] [uploadQueue] Retrying task b8bd6d180184ffffa0c9ab69e1214c1aaa9e32a89ba9a758d02c19e668467f80
[debug] [2020-05-30T14:13:54.658Z] [uploadQueue] Retrying task 62b6e6e3f43a189fae923e2fc32e68b8b37d2ec086f79020a15d303572004bcc
[debug] [2020-05-30T14:13:54.712Z] [uploadQueue] Retrying task 273d36c73ce972918a01efa1640bd51efb762540c59c8eeadd9a7612d21ec743
[debug] [2020-05-30T14:13:54.945Z] [populateQueue] Retrying task index 12
[debug] [2020-05-30T14:13:54.946Z] >>> HTTP REQUEST POST https://firebasehosting.googleapis.com/v1beta1/projects/116315084249/sites/gatsby-live/versions/2882a100aebd141d:populateFiles  
 <request body omitted>
[debug] [2020-05-30T14:13:55.031Z] [uploadQueue] Retrying task 6ca3b2cb07e0190c083651c33517c177388c69b60f1f42842e30fa80ac0927f4
[debug] [2020-05-30T14:13:55.738Z] [populateQueue] Retrying task index 11
[debug] [2020-05-30T14:13:55.738Z] >>> HTTP REQUEST POST https://firebasehosting.googleapis.com/v1beta1/projects/116315084249/sites/gatsby-live/versions/2882a100aebd141d:populateFiles  
 <request body omitted>
[debug] [2020-05-30T14:13:55.765Z] [uploadQueue] Retrying task 9725d5c5ef06f2db771df349bd38e5784a8b6ecdd37ef246449522eccc7d3f76
[debug] [2020-05-30T14:13:57.250Z] [uploadQueue] Retrying task d99456bc531b6a061eba374101ecc9bc34fb952c4ab3d23c4523179afe8d9f02
[debug] [2020-05-30T14:13:58.241Z] [uploadQueue] Retrying task d88cc99861c438f113cf4cc42489e0e71689e747e92eb44be86381b161da202a
[debug] [2020-05-30T14:13:58.303Z] [uploadQueue] Retrying task 65d45e5effd52e5b701803b0d0311ad1e4a251766cc5f143e184856b738b79e9
[debug] [2020-05-30T14:13:59.567Z] [uploadQueue] Retrying task cefd5cd159736293e0d1e5928523090efd2b7ec355fed6b0a8be81eb87ca2b51
[debug] [2020-05-30T14:13:59.599Z] [uploadQueue] Retrying task ffb3dd6a3c9012e6ea482e3e854da918ba393ea1e41505d63ea5c803a63f8b39
[debug] [2020-05-30T14:13:59.599Z] [uploadQueue] Retrying task ee1569e4cc6963a2cca147c2393cbdb966f12567c8078e3405932fa825914454
[debug] [2020-05-30T14:13:59.599Z] [uploadQueue] Retrying task 27691ebe5a0f3a6cb583b96a170e7136be372af6f31075a7e965232b7c874bb8
[debug] [2020-05-30T14:14:00.295Z] [uploadQueue] Retrying task 7852f91dbb7ab8b8adba6ede912d04c61608f649121feada9b377a4786b69e3d
[debug] [2020-05-30T14:14:00.408Z] [uploadQueue] Retrying task cb8fbd6929e5cd7fbb64a3d9106fbce8301b60ca8c3c08be70ec19b2cabb938e
[debug] [2020-05-30T14:14:00.626Z] [hosting][upload] {"max":33353,"min":1933,"avg":13392.172500000002,"active":200,"complete":800,"success":800,"errored":0,"retried":73,"total":11775,"elapsed":74405}
[debug] [2020-05-30T14:14:01.292Z] [uploadQueue] Retrying task 472c022f802684660cbd16c3812dd3cbf041d2ef18c2f609490f2e3966d68dcf
[debug] [2020-05-30T14:14:01.561Z] [uploadQueue] Retrying task db492d4b907e2d0d5c99d378409b5ec5fd404122c3e74c635683286c20ec8c51
[debug] [2020-05-30T14:14:04.940Z] [uploadQueue] Retrying task 13c53985a2a94f85a752edb3d481ffc8233d51149a691a6b36dd734b8996e978
[debug] [2020-05-30T14:14:04.958Z] [uploadQueue] Retrying task 2f72529ea7176ff5dad16ab63df1dd067d756f231001db9409a072430ef47f83
[debug] [2020-05-30T14:14:05.210Z] [uploadQueue] Retrying task 794d3d1378b7d3b537febb4f4bc52704592f49b38bbb9007aebdd03cef86de9b
[debug] [2020-05-30T14:14:05.518Z] [uploadQueue] Retrying task 18cc616ac84795e7c1257ec6ca043617f667130305752360e4c8884a77aa95e8
[debug] [2020-05-30T14:14:06.135Z] [uploadQueue] Retrying task 648566939ab53bbce5e67657d748ff865d6fdc3befdd33ad45a328ae43ab11ee
[debug] [2020-05-30T14:14:06.414Z] [populateQueue] Retrying task index 7
[debug] [2020-05-30T14:14:06.415Z] >>> HTTP REQUEST POST https://firebasehosting.googleapis.com/v1beta1/projects/116315084249/sites/gatsby-live/versions/2882a100aebd141d:populateFiles  
 <request body omitted>
[debug] [2020-05-30T14:14:07.562Z] [hosting][upload] {"max":33353,"min":1933,"avg":13237.274444444447,"active":200,"complete":900,"success":900,"errored":0,"retried":80,"total":11775,"elapsed":81341}
[debug] [2020-05-30T14:14:07.744Z] [uploadQueue] Retrying task e72f1e98df2be8668ff0bc5cae28b3edef1437b98cb7362a1e9a03b36a71e708
[debug] [2020-05-30T14:14:07.816Z] [uploadQueue] Retrying task c6b33cc515da8ee9b601e1bd80d5f523851c92178a0670c15a462d0e76698438
[debug] [2020-05-30T14:14:08.025Z] [uploadQueue] Retrying task 34476befde661e3f8fe509fe00cd2bf1fadfa99c13a9ad1d1cfacb452f701c55
[debug] [2020-05-30T14:14:08.469Z] [uploadQueue] Retrying task c29d1c69efaf60efd13c7d7e45188f4e7d57ce75f91221e7c060b0238105eb49
[debug] [2020-05-30T14:14:09.027Z] [uploadQueue] Retrying task 8f4e26693f30e5483b4c79d06c07398f8589efd504bb81a4a4fe1e7372b26a20
[debug] [2020-05-30T14:14:09.720Z] [uploadQueue] Retrying task e365a56eb45cefed0c4165ccb486ee040f9eb11d9e8e5657ac599e8777a17d16
[debug] [2020-05-30T14:14:10.771Z] [uploadQueue] Retrying task 9011c1244e54695123eb02443e64587b11c9c27c309be226e81643d79b18cb53
[debug] [2020-05-30T14:14:10.792Z] [uploadQueue] Retrying task 1e7878f21727714ed12a8fade2755874e7e2206a7f28717db634dafa1be86902
[debug] [2020-05-30T14:14:11.418Z] [uploadQueue] Retrying task dea2c795f7363f9e11c6990516c26f12e4f2cc0a33bdc6bd77373287b757168b
[debug] [2020-05-30T14:14:12.526Z] [uploadQueue] Retrying task ff1951108348e2baa404e90bdcddf7e870cf608874b2ea2764633a807394d3df
[debug] [2020-05-30T14:14:13.687Z] [uploadQueue] Retrying task ea9a20d68d2ff592de1ec728f9317753be5c3a738d23503de6142af5afebcb53
[debug] [2020-05-30T14:14:13.892Z] [uploadQueue] Retrying task df7e2fa318512e1ee7e09168d5fb417a4b8ee4dfcbc6092afe3d09205a6f0eed
[debug] [2020-05-30T14:14:14.040Z] [uploadQueue] Retrying task ebc2cce2aaa961652c21a1657a64d3ac241d2db2a901ca391c3cc119258617b0
[debug] [2020-05-30T14:14:15.453Z] [uploadQueue] Retrying task b8bd6d180184ffffa0c9ab69e1214c1aaa9e32a89ba9a758d02c19e668467f80
[debug] [2020-05-30T14:14:15.475Z] [uploadQueue] Retrying task 9d4e9d43a8824eff6875648132cc3328479171214a6c3fa3c8ac80e68cb83d82
[debug] [2020-05-30T14:14:15.544Z] [uploadQueue] Retrying task 040cdef77d08fdef641350d6a639c5c91e9ddc96359ee60621a36cb73ea1d31d
[debug] [2020-05-30T14:14:15.846Z] [uploadQueue] Retrying task b08844b1bc694b6ab8d58c4dade85de33ba6d20af83d9ea5d51d5f20663db813
[debug] [2020-05-30T14:14:16.094Z] [uploadQueue] Retrying task 8843deb5e93107a1fcc257dd33774dc24571b5159a0c5011af93dd86df8945dd
[debug] [2020-05-30T14:14:16.261Z] [uploadQueue] Retrying task 95ae4de64050531164a51dffa5fd4289aa8f50b8c7c56ad91391c1fc16cfe078
[debug] [2020-05-30T14:14:16.508Z] [hosting][upload] {"max":33353,"min":1933,"avg":13138.723000000002,"active":200,"complete":1000,"success":1000,"errored":0,"retried":99,"total":11775,"elapsed":90287}
[debug] [2020-05-30T14:14:16.534Z] [hosting][upload] {"max":33353,"min":1933,"avg":13138.723000000002,"active":200,"complete":1000,"success":1000,"errored":0,"retried":99,"total":11775,"elapsed":90313}
[debug] [2020-05-30T14:14:16.746Z] [uploadQueue] Retrying task 6a9784872310084ffa88c1c3e1379de409c868c684a82ab858be61d7ee0407f1
[debug] [2020-05-30T14:14:16.908Z] [uploadQueue] Retrying task 32cb74cd613baf975b7663df3805ebcf97187d3257cc6fbfbc9bc30b89bc4ba3
[debug] [2020-05-30T14:14:17.212Z] [uploadQueue] Retrying task f783ad0aec4d91cd958b24065d1546eec5eff6aec9f3e1b7fd09f556e478019a
[debug] [2020-05-30T14:14:18.848Z] [uploadQueue] Retrying task f8672eb371d10c90afd1bc40f603d9b4b6fea0f1e13296769e85aa57bb8d9726
[debug] [2020-05-30T14:14:20.575Z] [uploadQueue] Retrying task 08d6e16eaec11c883d805708089b48f6b94ca679d1868f523dee5878792b5e51
[debug] [2020-05-30T14:14:21.474Z] [uploadQueue] Retrying task 530474592b2275df446f18c1e36187e8905c4e52a10483f9a9fd03a030cd4e05
[debug] [2020-05-30T14:14:22.007Z] [uploadQueue] Retrying task c26b1669a8d813b58fc86faa25c8f424080ea800d94057f154c3bd3077af4774
[debug] [2020-05-30T14:14:22.092Z] [uploadQueue] Retrying task 204d4c213f3b627defa7c8b3b2f7042e8f9b5332756bfdfc12367199a52ee156
[debug] [2020-05-30T14:14:22.283Z] [uploadQueue] Retrying task 520ad197c6ee27928d2ba9500fdbea81e4f738e5e85c914b436d2316a1706940
[debug] [2020-05-30T14:14:23.351Z] [uploadQueue] Retrying task 720427a37dee4e32efa14929e0e6f4bcd7dfaa720cd2a766e807a3ab4360a10f
[debug] [2020-05-30T14:14:23.422Z] [uploadQueue] Retrying task 535c65faf7c8744947d70271c9b34e06f59b5a73a8e354424a5c903e08334f4a
[debug] [2020-05-30T14:14:24.381Z] [hosting][upload] {"max":34858,"min":1933,"avg":13067.125454545458,"active":200,"complete":1100,"success":1100,"errored":0,"retried":110,"total":11775,"elapsed":98160}
[debug] [2020-05-30T14:14:25.330Z] [uploadQueue] Retrying task 47833a4c9ee6e21a97c1c377cd4fc12467eaaede8e3ece549b4b965c0b84fe7a
[debug] [2020-05-30T14:14:26.004Z] [uploadQueue] Retrying task 3a04535ebfe5c711afe7ca61a8592f70dd4c4c090f75248f01dfdd8b32856fb1
[debug] [2020-05-30T14:14:26.080Z] [uploadQueue] Retrying task 1bb95228399f785f75da1b631bd81ef73d219f06ba893dac22d8f5c178270df1
[debug] [2020-05-30T14:14:26.511Z] [uploadQueue] Retrying task 3fe8752bf2ef1bfc796c6ea536be78db1e909995bc98d7c418a3edefc9af9286
[debug] [2020-05-30T14:14:29.085Z] [uploadQueue] Retrying task d99456bc531b6a061eba374101ecc9bc34fb952c4ab3d23c4523179afe8d9f02
[debug] [2020-05-30T14:14:29.631Z] [uploadQueue] Retrying task 65d45e5effd52e5b701803b0d0311ad1e4a251766cc5f143e184856b738b79e9
[debug] [2020-05-30T14:14:29.676Z] [uploadQueue] Retrying task be3ea5668432609b4e163f7e4838f9f73fed925118e50f555c31ec6ae92cbeaf
[debug] [2020-05-30T14:14:30.276Z] [uploadQueue] Retrying task 9be9215ee053dd089c24e2e3a7e153f6bd258a1a9326c85fef128b8f4f10a852
[debug] [2020-05-30T14:14:30.750Z] [uploadQueue] Retrying task 9120eb007bcea0317cf857ce375143462e3d13b3a5a05dfc654b65b1d565f17e
[debug] [2020-05-30T14:14:32.765Z] [hosting][upload] {"max":34858,"min":1933,"avg":13059.26500000002,"active":200,"complete":1200,"success":1200,"errored":0,"retried":119,"total":11775,"elapsed":106544}
[debug] [2020-05-30T14:14:33.010Z] [uploadQueue] Retrying task ca3c4ff23c34942c32486f6340673ec8eaa937d06c7d1d878ef1194c7ee44dfa
[debug] [2020-05-30T14:14:33.431Z] [uploadQueue] Retrying task d95df55b15901353131ec1f95f0e032e2861502e2bc7a0a7def35ac0d6f5fd20
[debug] [2020-05-30T14:14:33.933Z] [uploadQueue] Retrying task 9f8d7c19771a91c37c992de62a1506e2721caf7ddd5fb9134a9e912c55c385d8
[debug] [2020-05-30T14:14:35.665Z] [uploadQueue] Retrying task 420eebd2f2c03d5d15fb4a4722c3fd336b940a733f21664d66582d86ea0db023
[debug] [2020-05-30T14:14:37.076Z] [uploadQueue] Retrying task 5023779f52c5b55da457eae74a36008750fec9b2383a590f744b193c923905d4
[debug] [2020-05-30T14:14:37.987Z] [uploadQueue] Retrying task db26e2ba4b2f5ae21acd4ad5f15c88deabcbbf72c7f8aab65a6c0d4b50328425
[debug] [2020-05-30T14:14:39.576Z] [uploadQueue] Retrying task d7fccd4e1008b7d0f0391768defaeba626e4831f9f06328297a17d380fca1802
[debug] [2020-05-30T14:14:39.769Z] [hosting][upload] {"max":38704,"min":1933,"avg":13046.436153846176,"active":200,"complete":1300,"success":1300,"errored":0,"retried":126,"total":11775,"elapsed":113548}
[debug] [2020-05-30T14:14:41.024Z] [uploadQueue] Retrying task 1ead25e9ffa0bd9838c9319e20c945517f7bed4f3146b67dd7a3d08c2c62e785
[debug] [2020-05-30T14:14:47.032Z] [uploadQueue] Retrying task 75fb1972cb4069e5eb7f5050feb7c0bcb3e0721e7a79c1664d7effa133b76321
[debug] [2020-05-30T14:14:47.112Z] [uploadQueue] Retrying task 07e658f72ef3646012d85933bf33a359da224eaa7e9cff45c16544f1d0a7fc5c
[debug] [2020-05-30T14:14:47.251Z] [uploadQueue] Retrying task c33188dc1a528e89372fde9df6e5c84abd6692cbcb76c81f0407bf8256f7acc7
[debug] [2020-05-30T14:14:47.252Z] [uploadQueue] Retrying task 8824bc53d09a9ef03d6bbf6addcbc42f299419e7c8e93663896aa0ec6d32d684
[debug] [2020-05-30T14:14:47.449Z] [uploadQueue] Retrying task ae07c8e19c34ed4598e92bfaea0a24430119a5c07336cfd7ed6fbac0f48e6991
[debug] [2020-05-30T14:14:47.736Z] [hosting][upload] {"max":38704,"min":1933,"avg":13077.497142857164,"active":200,"complete":1400,"success":1400,"errored":0,"retried":132,"total":11775,"elapsed":121515}
[debug] [2020-05-30T14:14:48.501Z] [uploadQueue] Retrying task a1049deef97a2f480018044783a67ad3088e8443915437e78d9068b3b740b0fd
[debug] [2020-05-30T14:14:49.116Z] [uploadQueue] Retrying task 319569d1d64fba7b622f805f891d490bfa516d0a245ec4c12d3de3ba624f38c0
[debug] [2020-05-30T14:14:49.532Z] [uploadQueue] Retrying task 4e81ab10391c3d9f150088eb9f1edfdca899aeee457d344241760af3f52e0f57
[debug] [2020-05-30T14:14:52.165Z] [populateQueue] Retrying task index 10
[debug] [2020-05-30T14:14:52.165Z] >>> HTTP REQUEST POST https://firebasehosting.googleapis.com/v1beta1/projects/116315084249/sites/gatsby-live/versions/2882a100aebd141d:populateFiles  
 <request body omitted>
[debug] [2020-05-30T14:14:52.272Z] [uploadQueue] Retrying task bb1af99629228b04ee3e900d58611e12560ad6c6e39a8f9f20f215f8abbdf298
[debug] [2020-05-30T14:14:52.417Z] [uploadQueue] Retrying task a6b7ea6b41f34b4cc7802167e7f09cf024a1d416b69295c30babd33aad9f2c64
[debug] [2020-05-30T14:14:52.871Z] [uploadQueue] Retrying task 46de58719488dad261b7287112b424ce611567a7619be1be4c42bd3ccd6cf2d1
[debug] [2020-05-30T14:14:54.703Z] [uploadQueue] Retrying task 28cb9c2148147af983d4b9d65ee726588cf88e80cf415faa4c5b3455fb92b241
[debug] [2020-05-30T14:14:54.875Z] [uploadQueue] Retrying task c26b1669a8d813b58fc86faa25c8f424080ea800d94057f154c3bd3077af4774
[debug] [2020-05-30T14:14:55.430Z] [uploadQueue] Retrying task fa1a75ea1e0b6a44ff590d05d69a28c3a9419e5decdd49cb1de74893b92ba071
[debug] [2020-05-30T14:14:55.684Z] [hosting][upload] {"max":38704,"min":1933,"avg":13090.18800000002,"active":200,"complete":1500,"success":1500,"errored":0,"retried":141,"total":11775,"elapsed":129463}
[debug] [2020-05-30T14:14:56.835Z] [uploadQueue] Retrying task 896e286bb42951e86ebd20d78e88e3744fb854df8d5c3777afa8c9e9b049db55
[debug] [2020-05-30T14:14:58.902Z] [uploadQueue] Retrying task ccc3eb91e9b0aad0973033e17fc18a1d6feae333f3184f8514cb8f896aaa5848
[debug] [2020-05-30T14:14:59.837Z] [populateQueue] Retrying task index 12
[debug] [2020-05-30T14:14:59.838Z] >>> HTTP REQUEST POST https://firebasehosting.googleapis.com/v1beta1/projects/116315084249/sites/gatsby-live/versions/2882a100aebd141d:populateFiles  
 <request body omitted>
[debug] [2020-05-30T14:15:00.177Z] [uploadQueue] Retrying task be060968ca0383ba8a783df2d54ffc3a1954d5e79b04c5a384c0fbb2c58aafe8
[debug] [2020-05-30T14:15:01.272Z] [uploadQueue] Retrying task 9be9215ee053dd089c24e2e3a7e153f6bd258a1a9326c85fef128b8f4f10a852
[debug] [2020-05-30T14:15:01.363Z] [uploadQueue] Retrying task 6f9dbd37b5a24ca4970db1f8cad0ad5ab8524f5f2e8bfd3b1b9cc44d60a1c32e
[debug] [2020-05-30T14:15:01.991Z] [uploadQueue] Retrying task 9120eb007bcea0317cf857ce375143462e3d13b3a5a05dfc654b65b1d565f17e
[debug] [2020-05-30T14:15:02.838Z] [populateQueue] Retrying task index 11
[debug] [2020-05-30T14:15:02.839Z] >>> HTTP REQUEST POST https://firebasehosting.googleapis.com/v1beta1/projects/116315084249/sites/gatsby-live/versions/2882a100aebd141d:populateFiles  
 <request body omitted>
[debug] [2020-05-30T14:15:03.781Z] [hosting][upload] {"max":39161,"min":1933,"avg":13113.892500000018,"active":200,"complete":1600,"success":1600,"errored":0,"retried":147,"total":11775,"elapsed":137560}
[debug] [2020-05-30T14:15:03.897Z] [uploadQueue] Retrying task ca61b5a470822d2ca422fd919c2c8031cc527dff65dae76a0a19fcb40f4a2448
[debug] [2020-05-30T14:15:04.457Z] [uploadQueue] Retrying task 86dbfbb591b59d26e2eadc67b92320a5a8b5c82b4ea1c1365e040b692daa091c
[debug] [2020-05-30T14:15:05.414Z] [uploadQueue] Retrying task 040911eabaff70cac06bd370949de80ae250f6ae6b051b0ca35f0b2d09007426
[debug] [2020-05-30T14:15:05.947Z] [uploadQueue] Retrying task 1402408b3cdd3d2367ee424cf2c268214a014533dbbb6a3f73e0c2e3c290b5f8
[debug] [2020-05-30T14:15:06.703Z] [uploadQueue] Retrying task 1aadfef7af88bddb168544904dd416584507ba2126fa539fc5a708eaa483c5f0
[debug] [2020-05-30T14:15:07.166Z] [uploadQueue] Retrying task cb75bd9a324fc7baff7d0ae828aaf142be8af64663e59e2c3b11575b32a557af
[debug] [2020-05-30T14:15:08.098Z] [uploadQueue] Retrying task 37934c56b31ce77d28593837c6c7249cd3641dea1bff2a2e373e40ca51eedfc3
[debug] [2020-05-30T14:15:08.269Z] [uploadQueue] Retrying task 3a39c295fbd88c7ff8040172ac684e9cb8f299f220499e88b33b19988e8c3581
[debug] [2020-05-30T14:15:08.334Z] [uploadQueue] Retrying task c12c57611c2a046e13dcc99dab05af05ef650435b25b4312228f8edc934a7c37
[debug] [2020-05-30T14:15:08.666Z] [uploadQueue] Retrying task 6c292f4935d8c80a612b465d8116bffa5da449b5ca86bfa325870fe7ab921de1
[debug] [2020-05-30T14:15:09.112Z] [uploadQueue] Retrying task e2e6484981c9c052e396fe53d1e360eb88b4c72ee7326220df69d6afb8c06261
[debug] [2020-05-30T14:15:09.123Z] [uploadQueue] Retrying task 43f6404880086bdb63800a91ccd9d2dd970d4feba682abf708ac66f0e9cc299f
[debug] [2020-05-30T14:15:09.386Z] [uploadQueue] Retrying task fd7213cc5278c1545634d41edf6f39f23d97e90cd8558c66c0e355c9af312b57
[debug] [2020-05-30T14:15:10.690Z] [uploadQueue] Retrying task 226f089720aead02f919816c8375ba8487077ec0a0c9502bcaa989cd78582430
[debug] [2020-05-30T14:15:11.683Z] [uploadQueue] Retrying task 24f52689bdba3d189bb67db70071fb23039a22dd715683ae2dfdc141c34f63aa
[debug] [2020-05-30T14:15:11.733Z] [uploadQueue] Retrying task b3f71c8b9ec382691b9c0ad47173bf17760bc92b20c96fa7226513f441d4bfa6
[debug] [2020-05-30T14:15:11.971Z] [populateQueue] Retrying task index 7
[debug] [2020-05-30T14:15:11.972Z] >>> HTTP REQUEST POST https://firebasehosting.googleapis.com/v1beta1/projects/116315084249/sites/gatsby-live/versions/2882a100aebd141d:populateFiles  
 <request body omitted>
[debug] [2020-05-30T14:15:12.318Z] [hosting][upload] {"max":39161,"min":1933,"avg":13120.277647058841,"active":200,"complete":1700,"success":1700,"errored":0,"retried":163,"total":11775,"elapsed":146097}
[debug] [2020-05-30T14:15:12.472Z] [uploadQueue] Retrying task a13e11fd7c46586fc10b6d46e72d095168faf31b0cefd887b4ea6b5b24a63f16
[debug] [2020-05-30T14:15:12.540Z] [uploadQueue] Retrying task f661478f1a7aef10e6cdd02b6614e63a1c13004b0bcc868e254f651ad985a803
[debug] [2020-05-30T14:15:12.823Z] [uploadQueue] Retrying task a445e139490a1988af9406abcd3da874bbfc7ddc90f37f8ad38354067add1a98
[debug] [2020-05-30T14:15:14.536Z] [uploadQueue] Retrying task e1d3ab8ea2d5995a521c4d93a1f7b38b1509263730478cf6f3737cfa948fa392
[debug] [2020-05-30T14:15:15.288Z] [uploadQueue] Retrying task 52b3b96f413ea53f42af5f8cf595c719fda364872f3a72a041a1f0ee901da9c7
[debug] [2020-05-30T14:15:16.781Z] [uploadQueue] Retrying task a3b4c67787b70dc78dcfc1dfb856ab478dbd4be823d47992b87b32e87b73c9f0
[debug] [2020-05-30T14:15:17.260Z] [uploadQueue] Retrying task 77fc825a7a7ed33144e79f3607d1aa40b7a0652ca3023baa34cd3dbcbcaa69a3
[debug] [2020-05-30T14:15:19.853Z] [uploadQueue] Retrying task 374b2e45fd14638cca7a069e1715b20889ad336c8203ff28642003ee21d1939b
[debug] [2020-05-30T14:15:20.256Z] [uploadQueue] Retrying task 27581e5149e9d47e7ddf4b0c0d900fe3b408c123cab04cdbb6641bb165299a21
[debug] [2020-05-30T14:15:20.411Z] [uploadQueue] Retrying task 4e81ab10391c3d9f150088eb9f1edfdca899aeee457d344241760af3f52e0f57
[debug] [2020-05-30T14:15:20.692Z] [hosting][upload] {"max":39161,"min":1933,"avg":13106.264444444461,"active":200,"complete":1800,"success":1800,"errored":0,"retried":173,"total":11775,"elapsed":154471}
[debug] [2020-05-30T14:15:21.729Z] [uploadQueue] Retrying task 2a5ab05fa4e7a3e615a26568eb6dd0c284095b839e5b12bc4a75e4d4a8e3f803
[debug] [2020-05-30T14:15:21.811Z] [uploadQueue] Retrying task 0d872f497896a05f35bd735de4eca5a6d59c76e3077dee000957c80ebbeecc0f
[debug] [2020-05-30T14:15:22.088Z] [uploadQueue] Retrying task a1049deef97a2f480018044783a67ad3088e8443915437e78d9068b3b740b0fd
[debug] [2020-05-30T14:15:22.577Z] [uploadQueue] Retrying task 30e25b70afc9d7e9769f739eb2a8ed22900635858acce951b13d46e6715bfa92
[debug] [2020-05-30T14:15:23.316Z] [uploadQueue] Retrying task a6b7ea6b41f34b4cc7802167e7f09cf024a1d416b69295c30babd33aad9f2c64
[debug] [2020-05-30T14:15:23.387Z] [uploadQueue] Retrying task da33c98be3a16563a147d3aa0f1dc503bcdc788d6a5d31c2fea5fe1323832150
[debug] [2020-05-30T14:15:24.621Z] [uploadQueue] Retrying task 46b7f688d2c668b696907dfe2c38a0d3331738372f12260b7659dcafb90edd67
[debug] [2020-05-30T14:15:25.443Z] [uploadQueue] Retrying task 679ea0b2dea5065ed9a3770a32bb901a7f2e5bfde34779413b7a462774e9e8d9
[debug] [2020-05-30T14:15:27.011Z] <<< HTTP RESPONSE 200 {"content-type":"application/json; charset=UTF-8","vary":"X-Origin, Referer, Origin,Accept-Encoding","date":"Sat, 30 May 2020 14:15:26 GMT","server":"ESF","cache-control":"private","x-xss-protection":"0","x-frame-options":"SAMEORIGIN","x-content-type-options":"nosniff","alt-svc":"h3-27=\":443\"; ma=2592000,h3-25=\":443\"; ma=2592000,h3-T050=\":443\"; ma=2592000,h3-Q050=\":443\"; ma=2592000,h3-Q049=\":443\"; ma=2592000,h3-Q048=\":443\"; ma=2592000,h3-Q046=\":443\"; ma=2592000,h3-Q043=\":443\"; ma=2592000,quic=\":443\"; ma=2592000; v=\"46,43\"","accept-ranges":"none","transfer-encoding":"chunked"}
[debug] [2020-05-30T14:15:27.609Z] [hosting][upload] {"max":39161,"min":1933,"avg":13125.218947368438,"active":200,"complete":1900,"success":1900,"errored":0,"retried":181,"total":12658,"elapsed":161388}
[debug] [2020-05-30T14:15:28.807Z] [uploadQueue] Retrying task c01220a8af8b3a95382a4899d8a770105d48f04a3a76930186fd36beb56098f3
[debug] [2020-05-30T14:15:28.883Z] [uploadQueue] Retrying task 024be48c9b4b0ffcacd0f22140879de16571fe0c0b13c28c50b086bef5dd573f
[debug] [2020-05-30T14:15:29.128Z] [uploadQueue] Retrying task 213e77471ccf6821ba65aa578808f79a35ffe2ecfbb64e80e8af787c360ab0b9
[debug] [2020-05-30T14:15:29.829Z] [uploadQueue] Retrying task 6e26dd69b649718fbf6b8706caef28a0d5c57b160bbd564460a40534bb3df875
[debug] [2020-05-30T14:15:29.910Z] [uploadQueue] Retrying task 8388c15f1969ce66c17f3c685e5545c59517e80bf724315318285325e50605b1
[debug] [2020-05-30T14:15:31.183Z] [uploadQueue] Retrying task 27011a7bc527b75f11d47b093dffc9345f39efc2661e015f8c7b556a0a6f9d79
[debug] [2020-05-30T14:15:31.940Z] [uploadQueue] Retrying task ddcf99d84d9648b454e3adcc3598cebb7b734d271375a26064d1bd53f7e53097
[debug] [2020-05-30T14:15:32.006Z] [uploadQueue] Retrying task 9c9291bc01d716da39b9fe9753fb2959c7b51096c5c6bb64c777b83141f46dc7
[debug] [2020-05-30T14:15:32.723Z] [uploadQueue] Retrying task e8ac8c74b3466e6ee2d3b59f1c1455b7fa279a61c2d5a8bf91b4f7e043ff0e7c
[debug] [2020-05-30T14:15:33.078Z] [uploadQueue] Retrying task 594bc4c9da86d77c2450a87c63ee79365b999186be506875a073975e4e5bd855
